# JRE version: Java(TM) SE Runtime Environment (8.0_281-b09) (build 1.8.0_281-b09)
# Java VM: Java HotSpot(TM) Client VM (25.281-b09 mixed mode windows-x86 )
Heap:
 def new generation   total 26624K, used 10657K [0x04e00000, 0x06ae0000, 0x0a350000)
  eden space 23680K,  35% used [0x04e00000, 0x05647468, 0x06520000)
  from space 2944K,  74% used [0x06800000, 0x06a21200, 0x06ae0000)
  to   space 2944K,   0% used [0x06520000, 0x06520000, 0x06800000)
 tenured generation   total 59064K, used 58185K [0x0a350000, 0x0dcfe000, 0x14e00000)
   the space 59064K,  98% used [0x0a350000, 0x0dc225e8, 0x0dc22600, 0x0dcfe000)
 Metaspace       used 43454K, capacity 44026K, committed 44032K, reserved 44416K
GC Heap History (10 events):
Event: 89.771 GC heap before
{Heap before GC invocations=151 (full 5):
 def new generation   total 26624K, used 24783K [0x04e00000, 0x06ae0000, 0x0a350000)
  eden space 23680K, 100% used [0x04e00000, 0x06520000, 0x06520000)
  from space 2944K,  37% used [0x06520000, 0x06633dd0, 0x06800000)
  to   space 2944K,   0% used [0x06800000, 0x06800000, 0x06ae0000)
 tenured generation   total 59064K, used 56676K [0x0a350000, 0x0dcfe000, 0x14e00000)
   the space 59064K,  95% used [0x0a350000, 0x0daa90d0, 0x0daa9200, 0x0dcfe000)
 Metaspace       used 40236K, capacity 40702K, committed 40704K, reserved 41344K
Event: 89.776 GC heap after
Heap after GC invocations=152 (full 5):
 def new generation   total 26624K, used 1356K [0x04e00000, 0x06ae0000, 0x0a350000)
  eden space 23680K,   0% used [0x04e00000, 0x04e00000, 0x06520000)
  from space 2944K,  46% used [0x06800000, 0x069530e8, 0x06ae0000)
  to   space 2944K,   0% used [0x06520000, 0x06520000, 0x06800000)
 tenured generation   total 59064K, used 56676K [0x0a350000, 0x0dcfe000, 0x14e00000)
   the space 59064K,  95% used [0x0a350000, 0x0daa90d0, 0x0daa9200, 0x0dcfe000)
 Metaspace       used 40236K, capacity 40702K, committed 40704K, reserved 41344K
}
Event: 91.581 GC heap before
{Heap before GC invocations=152 (full 5):
 def new generation   total 26624K, used 25036K [0x04e00000, 0x06ae0000, 0x0a350000)
  eden space 23680K, 100% used [0x04e00000, 0x06520000, 0x06520000)
  from space 2944K,  46% used [0x06800000, 0x069530e8, 0x06ae0000)
  to   space 2944K,   0% used [0x06520000, 0x06520000, 0x06800000)
 tenured generation   total 59064K, used 56676K [0x0a350000, 0x0dcfe000, 0x14e00000)
   the space 59064K,  95% used [0x0a350000, 0x0daa90d0, 0x0daa9200, 0x0dcfe000)
 Metaspace       used 40276K, capacity 40784K, committed 40832K, reserved 41344K
Event: 91.585 GC heap after
Heap after GC invocations=153 (full 5):
 def new generation   total 26624K, used 909K [0x04e00000, 0x06ae0000, 0x0a350000)
  eden space 23680K,   0% used [0x04e00000, 0x04e00000, 0x06520000)
  from space 2944K,  30% used [0x06520000, 0x066035e0, 0x06800000)
  to   space 2944K,   0% used [0x06800000, 0x06800000, 0x06ae0000)
 tenured generation   total 59064K, used 56676K [0x0a350000, 0x0dcfe000, 0x14e00000)
   the space 59064K,  95% used [0x0a350000, 0x0daa90d0, 0x0daa9200, 0x0dcfe000)
 Metaspace       used 40276K, capacity 40784K, committed 40832K, reserved 41344K
}
Event: 157.449 GC heap before
{Heap before GC invocations=153 (full 5):
 def new generation   total 26624K, used 24589K [0x04e00000, 0x06ae0000, 0x0a350000)
  eden space 23680K, 100% used [0x04e00000, 0x06520000, 0x06520000)
  from space 2944K,  30% used [0x06520000, 0x066035e0, 0x06800000)
  to   space 2944K,   0% used [0x06800000, 0x06800000, 0x06ae0000)
 tenured generation   total 59064K, used 56676K [0x0a350000, 0x0dcfe000, 0x14e00000)
   the space 59064K,  95% used [0x0a350000, 0x0daa90d0, 0x0daa9200, 0x0dcfe000)
 Metaspace       used 40745K, capacity 41298K, committed 41344K, reserved 41344K
Event: 157.454 GC heap after
Heap after GC invocations=154 (full 5):
 def new generation   total 26624K, used 1801K [0x04e00000, 0x06ae0000, 0x0a350000)
  eden space 23680K,   0% used [0x04e00000, 0x04e00000, 0x06520000)
  from space 2944K,  61% used [0x06800000, 0x069c2578, 0x06ae0000)
  to   space 2944K,   0% used [0x06520000, 0x06520000, 0x06800000)
 tenured generation   total 59064K, used 56676K [0x0a350000, 0x0dcfe000, 0x14e00000)
   the space 59064K,  95% used [0x0a350000, 0x0daa90d0, 0x0daa9200, 0x0dcfe000)
 Metaspace       used 40745K, capacity 41298K, committed 41344K, reserved 41344K
}
Event: 163.606 GC heap before
{Heap before GC invocations=154 (full 5):
 def new generation   total 26624K, used 25481K [0x04e00000, 0x06ae0000, 0x0a350000)
  eden space 23680K, 100% used [0x04e00000, 0x06520000, 0x06520000)
  from space 2944K,  61% used [0x06800000, 0x069c2578, 0x06ae0000)
  to   space 2944K,   0% used [0x06520000, 0x06520000, 0x06800000)
 tenured generation   total 59064K, used 56676K [0x0a350000, 0x0dcfe000, 0x14e00000)
   the space 59064K,  95% used [0x0a350000, 0x0daa90d0, 0x0daa9200, 0x0dcfe000)
 Metaspace       used 42047K, capacity 42578K, committed 42624K, reserved 43392K
Event: 163.615 GC heap after
Heap after GC invocations=155 (full 5):
 def new generation   total 26624K, used 2572K [0x04e00000, 0x06ae0000, 0x0a350000)
  eden space 23680K,   0% used [0x04e00000, 0x04e00000, 0x06520000)
  from space 2944K,  87% used [0x06520000, 0x067a3218, 0x06800000)
  to   space 2944K,   0% used [0x06800000, 0x06800000, 0x06ae0000)
 tenured generation   total 59064K, used 57087K [0x0a350000, 0x0dcfe000, 0x14e00000)
   the space 59064K,  96% used [0x0a350000, 0x0db0fe20, 0x0db10000, 0x0dcfe000)
 Metaspace       used 42047K, capacity 42578K, committed 42624K, reserved 43392K
}
Event: 184.741 GC heap before
{Heap before GC invocations=155 (full 5):
 def new generation   total 26624K, used 26252K [0x04e00000, 0x06ae0000, 0x0a350000)
  eden space 23680K, 100% used [0x04e00000, 0x06520000, 0x06520000)
  from space 2944K,  87% used [0x06520000, 0x067a3218, 0x06800000)
  to   space 2944K,   0% used [0x06800000, 0x06800000, 0x06ae0000)
 tenured generation   total 59064K, used 57087K [0x0a350000, 0x0dcfe000, 0x14e00000)
   the space 59064K,  96% used [0x0a350000, 0x0db0fe20, 0x0db10000, 0x0dcfe000)
 Metaspace       used 43243K, capacity 43797K, committed 43904K, reserved 44416K
Event: 184.749 GC heap after
Heap after GC invocations=156 (full 5):
 def new generation   total 26624K, used 2180K [0x04e00000, 0x06ae0000, 0x0a350000)
  eden space 23680K,   0% used [0x04e00000, 0x04e00000, 0x06520000)
  from space 2944K,  74% used [0x06800000, 0x06a21200, 0x06ae0000)
  to   space 2944K,   0% used [0x06520000, 0x06520000, 0x06800000)
 tenured generation   total 59064K, used 58185K [0x0a350000, 0x0dcfe000, 0x14e00000)
   the space 59064K,  98% used [0x0a350000, 0x0dc225e8, 0x0dc22600, 0x0dcfe000)
 Metaspace       used 43243K, capacity 43797K, committed 43904K, reserved 44416K
}

